0 verbose cli /usr/local/bin/node /usr/local/bin/npm
1 info using npm@10.2.3
2 info using node@v20.10.0
3 timing npm:load:whichnode Completed in 0ms
4 timing config:load:defaults Completed in 1ms
5 timing config:load:file:/usr/local/lib/node_modules/npm/npmrc Completed in 1ms
6 timing config:load:builtin Completed in 1ms
7 timing config:load:cli Completed in 1ms
8 timing config:load:env Completed in 0ms
9 timing config:load:file:/Users/adityagupta/coding/resugrow/.npmrc Completed in 0ms
10 timing config:load:project Completed in 0ms
11 verbose config error loading user config [Error: EPERM: operation not permitted, open '/Users/adityagupta/.npmrc'] {
11 verbose config   errno: -1,
11 verbose config   code: 'EPERM',
11 verbose config   syscall: 'open',
11 verbose config   path: '/Users/adityagupta/.npmrc'
11 verbose config }
12 timing config:load:file:/Users/adityagupta/.npmrc Completed in 0ms
13 timing config:load:user Completed in 2ms
14 timing config:load:file:/usr/local/etc/npmrc Completed in 0ms
15 timing config:load:global Completed in 0ms
16 timing config:load:setEnvs Completed in 0ms
17 timing config:load Completed in 5ms
18 timing npm:load:configload Completed in 5ms
19 timing config:load:flatten Completed in 1ms
20 timing npm:load:mkdirpcache Completed in 1ms
21 timing npm:load:mkdirplogs Completed in 0ms
22 verbose title npm install xlsx
23 verbose argv "install" "xlsx" "--cache" "./.npm-cache"
24 timing npm:load:setTitle Completed in 6ms
25 timing npm:load:display Completed in 0ms
26 verbose logfile logs-max:10 dir:/Users/adityagupta/coding/resugrow/.npm-cache/_logs/2026-04-04T08_39_23_975Z-
27 verbose logfile /Users/adityagupta/coding/resugrow/.npm-cache/_logs/2026-04-04T08_39_23_975Z-debug-0.log
28 timing npm:load:logFile Completed in 5ms
29 timing npm:load:timers Completed in 0ms
30 timing npm:load:configScope Completed in 0ms
31 timing npm:load Completed in 27ms
32 timing arborist:ctor Completed in 0ms
33 silly logfile done cleaning log files
34 timing idealTree:init Completed in 82ms
35 timing idealTree:userRequests Completed in 1ms
36 silly idealTree buildDeps
37 silly fetch manifest xlsx@*
38 timing arborist:ctor Completed in 0ms
39 http fetch GET 200 https://registry.npmjs.org/xlsx 145ms (cache miss)
40 silly placeDep ROOT xlsx@0.18.5 OK for: resugrow@0.1.0 want: *
41 silly fetch manifest cfb@~1.2.1
42 silly fetch manifest ssf@~0.11.2
43 silly fetch manifest wmf@~1.0.1
44 silly fetch manifest word@~0.3.0
45 silly fetch manifest adler-32@~1.3.0
46 silly fetch manifest codepage@~1.15.0
47 http fetch GET 200 https://registry.npmjs.org/cfb 173ms (cache miss)
48 http fetch GET 200 https://registry.npmjs.org/adler-32 310ms (cache miss)
49 http fetch GET 200 https://registry.npmjs.org/word 311ms (cache miss)
50 http fetch GET 200 https://registry.npmjs.org/ssf 313ms (cache miss)
51 http fetch GET 200 https://registry.npmjs.org/wmf 312ms (cache miss)
52 http fetch GET 200 https://registry.npmjs.org/codepage 312ms (cache miss)
53 timing idealTree:#root Completed in 463ms
54 silly placeDep ROOT adler-32@1.3.1 OK for: xlsx@0.18.5 want: ~1.3.0
55 silly placeDep ROOT cfb@1.2.2 OK for: xlsx@0.18.5 want: ~1.2.1
56 silly placeDep ROOT codepage@1.15.0 OK for: xlsx@0.18.5 want: ~1.15.0
57 silly placeDep ROOT ssf@0.11.2 OK for: xlsx@0.18.5 want: ~0.11.2
58 silly fetch manifest frac@~1.1.2
59 silly placeDep ROOT wmf@1.0.2 OK for: xlsx@0.18.5 want: ~1.0.1
60 silly placeDep ROOT word@0.3.0 OK for: xlsx@0.18.5 want: ~0.3.0
61 http fetch GET 200 https://registry.npmjs.org/frac 30ms (cache miss)
62 timing idealTree:node_modules/xlsx Completed in 35ms
63 timing idealTree:node_modules/adler-32 Completed in 0ms
64 timing idealTree:node_modules/cfb Completed in 0ms
65 timing idealTree:node_modules/codepage Completed in 0ms
66 silly placeDep ROOT frac@1.1.2 OK for: ssf@0.11.2 want: ~1.1.2
67 timing idealTree:node_modules/ssf Completed in 0ms
68 timing idealTree:node_modules/frac Completed in 0ms
69 timing idealTree:node_modules/wmf Completed in 0ms
70 timing idealTree:node_modules/word Completed in 0ms
71 timing idealTree:buildDeps Completed in 499ms
72 timing idealTree:fixDepFlags Completed in 1ms
73 warn EBADENGINE Unsupported engine {
73 warn EBADENGINE   package: 'eslint-visitor-keys@5.0.1',
73 warn EBADENGINE   required: { node: '^20.19.0 || ^22.13.0 || >=24' },
73 warn EBADENGINE   current: { node: 'v20.10.0', npm: '10.2.3' }
73 warn EBADENGINE }
74 timing idealTree Completed in 586ms
75 timing reify:loadTrees Completed in 586ms
76 timing reify:diffTrees Completed in 11ms
77 silly reify moves {}
78 timing reify:retireShallow Completed in 0ms
79 timing reify:createSparse Completed in 2ms
80 timing reify:loadBundles Completed in 0ms
81 silly audit bulk request {
81 silly audit   '@auth/core': [ '0.41.1', '0.41.0' ],
81 silly audit   '@auth/prisma-adapter': [ '2.11.1' ],
81 silly audit   '@babel/code-frame': [ '7.29.0' ],
81 silly audit   '@babel/compat-data': [ '7.29.0' ],
81 silly audit   '@babel/core': [ '7.29.0' ],
81 silly audit   '@babel/generator': [ '7.29.1' ],
81 silly audit   '@babel/helper-compilation-targets': [ '7.28.6' ],
81 silly audit   '@babel/helper-globals': [ '7.28.0' ],
81 silly audit   '@babel/helper-module-imports': [ '7.28.6' ],
81 silly audit   '@babel/helper-module-transforms': [ '7.28.6' ],
81 silly audit   '@babel/helper-string-parser': [ '7.27.1' ],
81 silly audit   '@babel/helper-validator-identifier': [ '7.28.5' ],
81 silly audit   '@babel/helper-validator-option': [ '7.27.1' ],
81 silly audit   '@babel/helpers': [ '7.28.6' ],
81 silly audit   '@babel/parser': [ '7.29.0' ],
81 silly audit   '@babel/runtime': [ '7.29.2' ],
81 silly audit   '@babel/template': [ '7.28.6' ],
81 silly audit   '@babel/traverse': [ '7.29.0' ],
81 silly audit   '@babel/types': [ '7.29.0' ],
81 silly audit   '@emailjs/browser': [ '4.4.1' ],
81 silly audit   '@emnapi/core': [ '1.8.1' ],
81 silly audit   '@emnapi/runtime': [ '1.8.1' ],
81 silly audit   '@emnapi/wasi-threads': [ '1.1.0' ],
81 silly audit   '@eslint-community/eslint-utils': [ '4.9.1' ],
81 silly audit   'eslint-visitor-keys': [ '3.4.3', '5.0.1', '4.2.1' ],
81 silly audit   '@eslint-community/regexpp': [ '4.12.2' ],
81 silly audit   '@eslint/config-array': [ '0.21.2' ],
81 silly audit   '@eslint/config-helpers': [ '0.4.2' ],
81 silly audit   '@eslint/core': [ '0.17.0' ],
81 silly audit   '@eslint/eslintrc': [ '3.3.5' ],
81 silly audit   '@eslint/js': [ '9.39.4' ],
81 silly audit   '@eslint/object-schema': [ '2.1.7' ],
81 silly audit   '@eslint/plugin-kit': [ '0.4.1' ],
81 silly audit   '@humanfs/core': [ '0.19.1' ],
81 silly audit   '@humanfs/node': [ '0.16.7' ],
81 silly audit   '@humanwhocodes/module-importer': [ '1.0.1' ],
81 silly audit   '@humanwhocodes/retry': [ '0.4.3' ],
81 silly audit   '@img/colour': [ '1.1.0' ],
81 silly audit   '@img/sharp-darwin-arm64': [ '0.34.5' ],
81 silly audit   '@img/sharp-darwin-x64': [ '0.34.5' ],
81 silly audit   '@img/sharp-libvips-darwin-arm64': [ '1.2.4' ],
81 silly audit   '@img/sharp-libvips-darwin-x64': [ '1.2.4' ],
81 silly audit   '@img/sharp-libvips-linux-arm': [ '1.2.4' ],
81 silly audit   '@img/sharp-libvips-linux-arm64': [ '1.2.4' ],
81 silly audit   '@img/sharp-libvips-linux-ppc64': [ '1.2.4' ],
81 silly audit   '@img/sharp-libvips-linux-riscv64': [ '1.2.4' ],
81 silly audit   '@img/sharp-libvips-linux-s390x': [ '1.2.4' ],
81 silly audit   '@img/sharp-libvips-linux-x64': [ '1.2.4' ],
81 silly audit   '@img/sharp-libvips-linuxmusl-arm64': [ '1.2.4' ],
81 silly audit   '@img/sharp-libvips-linuxmusl-x64': [ '1.2.4' ],
81 silly audit   '@img/sharp-linux-arm': [ '0.34.5' ],
81 silly audit   '@img/sharp-linux-arm64': [ '0.34.5' ],
81 silly audit   '@img/sharp-linux-ppc64': [ '0.34.5' ],
81 silly audit   '@img/sharp-linux-riscv64': [ '0.34.5' ],
81 silly audit   '@img/sharp-linux-s390x': [ '0.34.5' ],
81 silly audit   '@img/sharp-linux-x64': [ '0.34.5' ],
81 silly audit   '@img/sharp-linuxmusl-arm64': [ '0.34.5' ],
81 silly audit   '@img/sharp-linuxmusl-x64': [ '0.34.5' ],
81 silly audit   '@img/sharp-wasm32': [ '0.34.5' ],
81 silly audit   '@img/sharp-win32-arm64': [ '0.34.5' ],
81 silly audit   '@img/sharp-win32-ia32': [ '0.34.5' ],
81 silly audit   '@img/sharp-win32-x64': [ '0.34.5' ],
81 silly audit   '@jridgewell/gen-mapping': [ '0.3.13' ],
81 silly audit   '@jridgewell/remapping': [ '2.3.5' ],
81 silly audit   '@jridgewell/resolve-uri': [ '3.1.2' ],
81 silly audit   '@jridgewell/sourcemap-codec': [ '1.5.5' ],
81 silly audit   '@jridgewell/trace-mapping': [ '0.3.31' ],
81 silly audit   '@napi-rs/wasm-runtime': [ '0.2.12' ],
81 silly audit   '@next/env': [ '16.1.6' ],
81 silly audit   '@next/eslint-plugin-next': [ '16.1.6' ],
81 silly audit   '@next/swc-darwin-arm64': [ '16.1.6' ],
81 silly audit   '@next/swc-darwin-x64': [ '16.1.6' ],
81 silly audit   '@next/swc-linux-arm64-gnu': [ '16.1.6' ],
81 silly audit   '@next/swc-linux-arm64-musl': [ '16.1.6' ],
81 silly audit   '@next/swc-linux-x64-gnu': [ '16.1.6' ],
81 silly audit   '@next/swc-linux-x64-musl': [ '16.1.6' ],
81 silly audit   '@next/swc-win32-arm64-msvc': [ '16.1.6' ],
81 silly audit   '@next/swc-win32-x64-msvc': [ '16.1.6' ],
81 silly audit   '@nodelib/fs.scandir': [ '2.1.5' ],
81 silly audit   '@nodelib/fs.stat': [ '2.0.5' ],
81 silly audit   '@nodelib/fs.walk': [ '1.2.8' ],
81 silly audit   '@nolyfill/is-core-module': [ '1.0.39' ],
81 silly audit   '@panva/hkdf': [ '1.2.1' ],
81 silly audit   '@prisma/client': [ '5.22.0' ],
81 silly audit   '@prisma/debug': [ '5.22.0' ],
81 silly audit   '@prisma/engines': [ '5.22.0' ],
81 silly audit   '@prisma/engines-version': [ '5.22.0-44.605197351a3c8bdd595af2d2a9bc3025bca48ea2' ],
81 silly audit   '@prisma/fetch-engine': [ '5.22.0' ],
81 silly audit   '@prisma/get-platform': [ '5.22.0' ],
81 silly audit   '@rtsao/scc': [ '1.1.0' ],
81 silly audit   '@supabase/auth-js': [ '2.101.1' ],
81 silly audit   '@supabase/functions-js': [ '2.101.1' ],
81 silly audit   '@supabase/phoenix': [ '0.4.0' ],
81 silly audit   '@supabase/postgrest-js': [ '2.101.1' ],
81 silly audit   '@supabase/realtime-js': [ '2.101.1' ],
81 silly audit   '@supabase/ssr': [ '0.9.0' ],
81 silly audit   '@supabase/storage-js': [ '2.101.1' ],
81 silly audit   '@supabase/supabase-js': [ '2.101.1' ],
81 silly audit   '@swc/helpers': [ '0.5.15' ],
81 silly audit   '@tybys/wasm-util': [ '0.10.1' ],
81 silly audit   '@types/estree': [ '1.0.8' ],
81 silly audit   '@types/json-schema': [ '7.0.15' ],
81 silly audit   '@types/json5': [ '0.0.29' ],
81 silly audit   '@types/node': [ '25.5.0' ],
81 silly audit   '@types/pako': [ '2.0.4' ],
81 silly audit   '@types/raf': [ '3.4.3' ],
81 silly audit   '@types/trusted-types': [ '2.0.7' ],
81 silly audit   '@types/ws': [ '8.18.1' ],
81 silly audit   '@typescript-eslint/eslint-plugin': [ '8.57.0' ],
81 silly audit   ignore: [ '7.0.5', '5.3.2' ],
81 silly audit   '@typescript-eslint/parser': [ '8.57.0' ],
81 silly audit   '@typescript-eslint/project-service': [ '8.57.0' ],
81 silly audit   '@typescript-eslint/scope-manager': [ '8.57.0' ],
81 silly audit   '@typescript-eslint/tsconfig-utils': [ '8.57.0' ],
81 silly audit   '@typescript-eslint/type-utils': [ '8.57.0' ],
81 silly audit   '@typescript-eslint/types': [ '8.57.0' ],
81 silly audit   '@typescript-eslint/typescript-estree': [ '8.57.0' ],
81 silly audit   'balanced-match': [ '4.0.4', '1.0.2' ],
81 silly audit   'brace-expansion': [ '5.0.4', '1.1.12' ],
81 silly audit   minimatch: [ '10.2.4', '3.1.5' ],
81 silly audit   semver: [ '7.7.4', '6.3.1' ],
81 silly audit   '@typescript-eslint/utils': [ '8.57.0' ],
81 silly audit   '@typescript-eslint/visitor-keys': [ '8.57.0' ],
81 silly audit   '@unrs/resolver-binding-android-arm-eabi': [ '1.11.1' ],
81 silly audit   '@unrs/resolver-binding-android-arm64': [ '1.11.1' ],
81 silly audit   '@unrs/resolver-binding-darwin-arm64': [ '1.11.1' ],
81 silly audit   '@unrs/resolver-binding-darwin-x64': [ '1.11.1' ],
81 silly audit   '@unrs/resolver-binding-freebsd-x64': [ '1.11.1' ],
81 silly audit   '@unrs/resolver-binding-linux-arm-gnueabihf': [ '1.11.1' ],
81 silly audit   '@unrs/resolver-binding-linux-arm-musleabihf': [ '1.11.1' ],
81 silly audit   '@unrs/resolver-binding-linux-arm64-gnu': [ '1.11.1' ],
81 silly audit   '@unrs/resolver-binding-linux-arm64-musl': [ '1.11.1' ],
81 silly audit   '@unrs/resolver-binding-linux-ppc64-gnu': [ '1.11.1' ],
81 silly audit   '@unrs/resolver-binding-linux-riscv64-gnu': [ '1.11.1' ],
81 silly audit   '@unrs/resolver-binding-linux-riscv64-musl': [ '1.11.1' ],
81 silly audit   '@unrs/resolver-binding-linux-s390x-gnu': [ '1.11.1' ],
81 silly audit   '@unrs/resolver-binding-linux-x64-gnu': [ '1.11.1' ],
81 silly audit   '@unrs/resolver-binding-linux-x64-musl': [ '1.11.1' ],
81 silly audit   '@unrs/resolver-binding-wasm32-wasi': [ '1.11.1' ],
81 silly audit   '@unrs/resolver-binding-win32-arm64-msvc': [ '1.11.1' ],
81 silly audit   '@unrs/resolver-binding-win32-ia32-msvc': [ '1.11.1' ],
81 silly audit   '@unrs/resolver-binding-win32-x64-msvc': [ '1.11.1' ],
81 silly audit   '@vercel/analytics': [ '2.0.1' ],
81 silly audit   '@vercel/speed-insights': [ '2.0.0' ],
81 silly audit   'abort-controller': [ '3.0.0' ],
81 silly audit   acorn: [ '8.16.0' ],
81 silly audit   'acorn-jsx': [ '5.3.2' ],
81 silly audit   ajv: [ '6.14.0' ],
81 silly audit   'ansi-styles': [ '4.3.0' ],
81 silly audit   argparse: [ '2.0.1' ],
81 silly audit   'aria-query': [ '5.3.2' ],
81 silly audit   'array-buffer-byte-length': [ '1.0.2' ],
81 silly audit   'array-includes': [ '3.1.9' ],
81 silly audit   'array.prototype.findlast': [ '1.2.5' ],
81 silly audit   'array.prototype.findlastindex': [ '1.2.6' ],
81 silly audit   'array.prototype.flat': [ '1.3.3' ],
81 silly audit   'array.prototype.flatmap': [ '1.3.3' ],
81 silly audit   'array.prototype.tosorted': [ '1.1.4' ],
81 silly audit   'arraybuffer.prototype.slice': [ '1.0.4' ],
81 silly audit   'ast-types-flow': [ '0.0.8' ],
81 silly audit   'async-function': [ '1.0.0' ],
81 silly audit   'async-lock': [ '1.4.1' ],
81 silly audit   'available-typed-arrays': [ '1.0.7' ],
81 silly audit   'axe-core': [ '4.11.1' ],
81 silly audit   'axobject-query': [ '4.1.0' ],
81 silly audit   'base64-arraybuffer': [ '1.0.2' ],
81 silly audit   'base64-js': [ '1.5.1' ],
81 silly audit   'baseline-browser-mapping': [ '2.10.0' ],
81 silly audit   braces: [ '3.0.3' ],
81 silly audit   browserslist: [ '4.28.1' ],
81 silly audit   buffer: [ '6.0.3' ],
81 silly audit   'call-bind': [ '1.0.8' ],
81 silly audit   'call-bind-apply-helpers': [ '1.0.2' ],
81 silly audit   'call-bound': [ '1.0.4' ],
81 silly audit   callsites: [ '3.1.0' ],
81 silly audit   'caniuse-lite': [ '1.0.30001777' ],
81 silly audit   canvg: [ '3.0.11' ],
81 silly audit   chalk: [ '4.1.2' ],
81 silly audit   'clean-git-ref': [ '2.0.1' ],
81 silly audit   'client-only': [ '0.0.1' ],
81 silly audit   'color-convert': [ '2.0.1' ],
81 silly audit   'color-name': [ '1.1.4' ],
81 silly audit   compromise: [ '14.15.0' ],
81 silly audit   'concat-map': [ '0.0.1' ],
81 silly audit   'convert-source-map': [ '2.0.0' ],
81 silly audit   cookie: [ '1.1.1' ],
81 silly audit   'core-js': [ '3.49.0' ],
81 silly audit   'crc-32': [ '1.2.2' ],
81 silly audit   'cross-spawn': [ '7.0.6' ],
81 silly audit   'css-line-break': [ '2.1.0' ],
81 silly audit   'damerau-levenshtein': [ '1.0.8' ],
81 silly audit   'data-view-buffer': [ '1.0.2' ],
81 silly audit   'data-view-byte-length': [ '1.0.2' ],
81 silly audit   'data-view-byte-offset': [ '1.0.1' ],
81 silly audit   debug: [ '4.4.3', '3.2.7' ],
81 silly audit   'decompress-response': [ '6.0.0' ],
81 silly audit   'deep-is': [ '0.1.4' ],
81 silly audit   'define-data-property': [ '1.1.4' ],
81 silly audit   'define-properties': [ '1.2.1' ],
81 silly audit   'detect-libc': [ '2.1.2' ],
81 silly audit   diff3: [ '0.0.3' ],
81 silly audit   doctrine: [ '2.1.0' ],
81 silly audit   dompurify: [ '3.3.3' ],
81 silly audit   'dunder-proto': [ '1.0.1' ],
81 silly audit   efrt: [ '2.7.0' ],
81 silly audit   'electron-to-chromium': [ '1.5.307' ],
81 silly audit   'emoji-regex': [ '9.2.2' ],
81 silly audit   'es-abstract': [ '1.24.1' ],
81 silly audit   'es-define-property': [ '1.0.1' ],
81 silly audit   'es-errors': [ '1.3.0' ],
81 silly audit   'es-iterator-helpers': [ '1.2.2' ],
81 silly audit   'es-object-atoms': [ '1.1.1' ],
81 silly audit   'es-set-tostringtag': [ '2.1.0' ],
81 silly audit   'es-shim-unscopables': [ '1.1.0' ],
81 silly audit   'es-to-primitive': [ '1.3.0' ],
81 silly audit   escalade: [ '3.2.0' ],
81 silly audit   'escape-string-regexp': [ '4.0.0' ],
81 silly audit   eslint: [ '9.39.4' ],
81 silly audit   'eslint-config-next': [ '16.1.6' ],
81 silly audit   globals: [ '16.4.0', '14.0.0' ],
81 silly audit   'eslint-import-resolver-node': [ '0.3.9' ],
81 silly audit   'eslint-import-resolver-typescript': [ '3.10.1' ],
81 silly audit   'eslint-module-utils': [ '2.12.1' ],
81 silly audit   'eslint-plugin-import': [ '2.32.0' ],
81 silly audit   'eslint-plugin-jsx-a11y': [ '6.10.2' ],
81 silly audit   'eslint-plugin-react': [ '7.37.5' ],
81 silly audit   'eslint-plugin-react-hooks': [ '7.0.1' ],
81 silly audit   resolve: [ '2.0.0-next.6', '1.22.11' ],
81 silly audit   'eslint-scope': [ '8.4.0' ],
81 silly audit   espree: [ '10.4.0' ],
81 silly audit   esquery: [ '1.7.0' ],
81 silly audit   esrecurse: [ '4.3.0' ],
81 silly audit   estraverse: [ '5.3.0' ],
81 silly audit   esutils: [ '2.0.3' ],
81 silly audit   'event-target-shim': [ '5.0.1' ],
81 silly audit   events: [ '3.3.0' ],
81 silly audit   'fast-deep-equal': [ '3.1.3' ],
81 silly audit   'fast-glob': [ '3.3.1' ],
81 silly audit   'glob-parent': [ '5.1.2', '6.0.2' ],
81 silly audit   'fast-json-stable-stringify': [ '2.1.0' ],
81 silly audit   'fast-levenshtein': [ '2.0.6' ],
81 silly audit   'fast-png': [ '6.4.0' ],
81 silly audit   fastq: [ '1.20.1' ],
81 silly audit   fflate: [ '0.8.2' ],
81 silly audit   'file-entry-cache': [ '8.0.0' ],
81 silly audit   'fill-range': [ '7.1.1' ],
81 silly audit   'find-up': [ '5.0.0' ],
81 silly audit   'flat-cache': [ '4.0.1' ],
81 silly audit   flatted: [ '3.4.1' ],
81 silly audit   'for-each': [ '0.3.5' ],
81 silly audit   fsevents: [ '2.3.3' ],
81 silly audit   'function-bind': [ '1.1.2' ],
81 silly audit   'function.prototype.name': [ '1.1.8' ],
81 silly audit   'functions-have-names': [ '1.2.3' ],
81 silly audit   'generator-function': [ '2.0.1' ],
81 silly audit   gensync: [ '1.0.0-beta.2' ],
81 silly audit   'get-intrinsic': [ '1.3.0' ],
81 silly audit   'get-proto': [ '1.0.1' ],
81 silly audit   'get-symbol-description': [ '1.1.0' ],
81 silly audit   'get-tsconfig': [ '4.13.6' ],
81 silly audit   globalthis: [ '1.0.4' ],
81 silly audit   gopd: [ '1.2.0' ],
81 silly audit   'grad-school': [ '0.0.5' ],
81 silly audit   'has-bigints': [ '1.1.0' ],
81 silly audit   'has-flag': [ '4.0.0' ],
81 silly audit   'has-property-descriptors': [ '1.0.2' ],
81 silly audit   'has-proto': [ '1.2.0' ],
81 silly audit   'has-symbols': [ '1.1.0' ],
81 silly audit   'has-tostringtag': [ '1.0.2' ],
81 silly audit   hasown: [ '2.0.2' ],
81 silly audit   'hermes-estree': [ '0.25.1' ],
81 silly audit   'hermes-parser': [ '0.25.1' ],
81 silly audit   html2canvas: [ '1.4.1' ],
81 silly audit   'iceberg-js': [ '0.8.1' ],
81 silly audit   ieee754: [ '1.2.1' ],
81 silly audit   'import-fresh': [ '3.3.1' ],
81 silly audit   imurmurhash: [ '0.1.4' ],
81 silly audit   inherits: [ '2.0.4' ],
81 silly audit   'internal-slot': [ '1.1.0' ],
81 silly audit   iobuffer: [ '5.4.0' ],
81 silly audit   'is-array-buffer': [ '3.0.5' ],
81 silly audit   'is-async-function': [ '2.1.1' ],
81 silly audit   'is-bigint': [ '1.1.0' ],
81 silly audit   'is-boolean-object': [ '1.2.2' ],
81 silly audit   'is-bun-module': [ '2.0.0' ],
81 silly audit   'is-callable': [ '1.2.7' ],
81 silly audit   'is-core-module': [ '2.16.1' ],
81 silly audit   'is-data-view': [ '1.0.2' ],
81 silly audit   'is-date-object': [ '1.1.0' ],
81 silly audit   'is-extglob': [ '2.1.1' ],
81 silly audit   'is-finalizationregistry': [ '1.1.1' ],
81 silly audit   'is-generator-function': [ '1.1.2' ],
81 silly audit   'is-glob': [ '4.0.3' ],
81 silly audit   'is-map': [ '2.0.3' ],
81 silly audit   'is-negative-zero': [ '2.0.3' ],
81 silly audit   'is-number': [ '7.0.0' ],
81 silly audit   'is-number-object': [ '1.1.1' ],
81 silly audit   'is-regex': [ '1.2.1' ],
81 silly audit   'is-set': [ '2.0.3' ],
81 silly audit   'is-shared-array-buffer': [ '1.0.4' ],
81 silly audit   'is-string': [ '1.1.1' ],
81 silly audit   'is-symbol': [ '1.1.1' ],
81 silly audit   'is-typed-array': [ '1.1.15' ],
81 silly audit   'is-weakmap': [ '2.0.2' ],
81 silly audit   'is-weakref': [ '1.1.1' ],
81 silly audit   'is-weakset': [ '2.0.4' ],
81 silly audit   isarray: [ '2.0.5' ],
81 silly audit   isexe: [ '2.0.0' ],
81 silly audit   'isomorphic-git': [ '1.37.4' ],
81 silly audit   pako: [ '1.0.11', '2.1.0' ],
81 silly audit   'iterator.prototype': [ '1.1.5' ],
81 silly audit   jose: [ '6.2.2' ],
81 silly audit   'js-tokens': [ '4.0.0' ],
81 silly audit   'js-yaml': [ '4.1.1' ],
81 silly audit   jsesc: [ '3.1.0' ],
81 silly audit   'json-buffer': [ '3.0.1' ],
81 silly audit   'json-schema-traverse': [ '0.4.1' ],
81 silly audit   'json-stable-stringify-without-jsonify': [ '1.0.1' ],
81 silly audit   json5: [ '2.2.3', '1.0.2' ],
81 silly audit   jspdf: [ '4.2.1' ],
81 silly audit   'jsx-ast-utils': [ '3.3.5' ],
81 silly audit   keyv: [ '4.5.4' ],
81 silly audit   'language-subtag-registry': [ '0.3.23' ],
81 silly audit   'language-tags': [ '1.0.9' ],
81 silly audit   levn: [ '0.4.1' ],
81 silly audit   'locate-path': [ '6.0.0' ],
81 silly audit   'lodash.merge': [ '4.6.2' ],
81 silly audit   'loose-envify': [ '1.4.0' ],
81 silly audit   'lru-cache': [ '5.1.1' ],
81 silly audit   'lucide-react': [ '1.7.0' ],
81 silly audit   'math-intrinsics': [ '1.1.0' ],
81 silly audit   merge2: [ '1.4.1' ],
81 silly audit   micromatch: [ '4.0.8' ],
81 silly audit   'mimic-response': [ '3.1.0' ],
81 silly audit   minimist: [ '1.2.8' ],
81 silly audit   minimisted: [ '2.0.1' ],
81 silly audit   ms: [ '2.1.3' ],
81 silly audit   nanoid: [ '3.3.11' ],
81 silly audit   'napi-postinstall': [ '0.3.4' ],
81 silly audit   'natural-compare': [ '1.4.0' ],
81 silly audit   next: [ '16.1.6' ],
81 silly audit   'next-auth': [ '5.0.0-beta.30' ],
81 silly audit   'node-ensure': [ '0.0.0' ],
81 silly audit   'node-exports-info': [ '1.6.0' ],
81 silly audit   'node-releases': [ '2.0.36' ],
81 silly audit   oauth4webapi: [ '3.8.5' ],
81 silly audit   'object-assign': [ '4.1.1' ],
81 silly audit   'object-inspect': [ '1.13.4' ],
81 silly audit   'object-keys': [ '1.1.1' ],
81 silly audit   'object.assign': [ '4.1.7' ],
81 silly audit   'object.entries': [ '1.1.9' ],
81 silly audit   'object.fromentries': [ '2.0.8' ],
81 silly audit   'object.groupby': [ '1.0.3' ],
81 silly audit   'object.values': [ '1.2.1' ],
81 silly audit   once: [ '1.4.0' ],
81 silly audit   optionator: [ '0.9.4' ],
81 silly audit   'own-keys': [ '1.0.1' ],
81 silly audit   'p-limit': [ '3.1.0' ],
81 silly audit   'p-locate': [ '5.0.0' ],
81 silly audit   'parent-module': [ '1.0.1' ],
81 silly audit   'path-exists': [ '4.0.0' ],
81 silly audit   'path-key': [ '3.1.1' ],
81 silly audit   'path-parse': [ '1.0.7' ],
81 silly audit   'pdf-parse': [ '1.1.1' ],
81 silly audit   'performance-now': [ '2.1.0' ],
81 silly audit   picocolors: [ '1.1.1' ],
81 silly audit   picomatch: [ '2.3.1', '4.0.3' ],
81 silly audit   pify: [ '4.0.1' ],
81 silly audit   'possible-typed-array-names': [ '1.1.0' ],
81 silly audit   postcss: [ '8.4.31' ],
81 silly audit   preact: [ '10.24.3' ],
81 silly audit   'preact-render-to-string': [ '6.5.11' ],
81 silly audit   'prelude-ls': [ '1.2.1' ],
81 silly audit   prisma: [ '5.22.0' ],
81 silly audit   process: [ '0.11.10' ],
81 silly audit   'prop-types': [ '15.8.1' ],
81 silly audit   punycode: [ '2.3.1' ],
81 silly audit   'queue-microtask': [ '1.2.3' ],
81 silly audit   raf: [ '3.4.1' ],
81 silly audit   react: [ '19.2.3' ],
81 silly audit   'react-dom': [ '19.2.3' ],
81 silly audit   'react-is': [ '16.13.1' ],
81 silly audit   'readable-stream': [ '4.7.0' ],
81 silly audit   'reflect.getprototypeof': [ '1.0.10' ],
81 silly audit   'regenerator-runtime': [ '0.13.11' ],
81 silly audit   'regexp.prototype.flags': [ '1.5.4' ],
81 silly audit   'resolve-from': [ '4.0.0' ],
81 silly audit   'resolve-pkg-maps': [ '1.0.0' ],
81 silly audit   reusify: [ '1.1.0' ],
81 silly audit   rgbcolor: [ '1.0.1' ],
81 silly audit   'run-parallel': [ '1.2.0' ],
81 silly audit   'safe-array-concat': [ '1.1.3' ],
81 silly audit   'safe-buffer': [ '5.2.1' ],
81 silly audit   'safe-push-apply': [ '1.0.0' ],
81 silly audit   'safe-regex-test': [ '1.1.0' ],
81 silly audit   scheduler: [ '0.27.0' ],
81 silly audit   'set-function-length': [ '1.2.2' ],
81 silly audit   'set-function-name': [ '2.0.2' ],
81 silly audit   'set-proto': [ '1.0.0' ],
81 silly audit   'sha.js': [ '2.4.12' ],
81 silly audit   sharp: [ '0.34.5' ],
81 silly audit   'shebang-command': [ '2.0.0' ],
81 silly audit   'shebang-regex': [ '3.0.0' ],
81 silly audit   'side-channel': [ '1.1.0' ],
81 silly audit   'side-channel-list': [ '1.0.0' ],
81 silly audit   'side-channel-map': [ '1.0.1' ],
81 silly audit   'side-channel-weakmap': [ '1.0.2' ],
81 silly audit   'simple-concat': [ '1.0.1' ],
81 silly audit   'simple-get': [ '4.0.1' ],
81 silly audit   'source-map-js': [ '1.2.1' ],
81 silly audit   'stable-hash': [ '0.0.5' ],
81 silly audit   'stackblur-canvas': [ '2.7.0' ],
81 silly audit   'stop-iteration-iterator': [ '1.1.0' ],
81 silly audit   stopword: [ '3.1.5' ],
81 silly audit   string_decoder: [ '1.3.0' ],
81 silly audit   'string.prototype.includes': [ '2.0.1' ],
81 silly audit   'string.prototype.matchall': [ '4.0.12' ],
81 silly audit   'string.prototype.repeat': [ '1.0.0' ],
81 silly audit   'string.prototype.trim': [ '1.2.10' ],
81 silly audit   'string.prototype.trimend': [ '1.0.9' ],
81 silly audit   'string.prototype.trimstart': [ '1.0.8' ],
81 silly audit   'strip-bom': [ '3.0.0' ],
81 silly audit   'strip-json-comments': [ '3.1.1' ],
81 silly audit   'styled-jsx': [ '5.1.6' ],
81 silly audit   'suffix-thumb': [ '5.0.2' ],
81 silly audit   'supports-color': [ '7.2.0' ],
81 silly audit   'supports-preserve-symlinks-flag': [ '1.0.0' ],
81 silly audit   'svg-pathdata': [ '6.0.3' ],
81 silly audit   'text-segmentation': [ '1.0.3' ],
81 silly audit   tinyglobby: [ '0.2.15' ],
81 silly audit   fdir: [ '6.5.0' ],
81 silly audit   'to-buffer': [ '1.2.2' ],
81 silly audit   'to-regex-range': [ '5.0.1' ],
81 silly audit   'ts-api-utils': [ '2.4.0' ],
81 silly audit   'tsconfig-paths': [ '3.15.0' ],
81 silly audit   tslib: [ '2.8.1' ],
81 silly audit   'type-check': [ '0.4.0' ],
81 silly audit   'typed-array-buffer': [ '1.0.3' ],
81 silly audit   'typed-array-byte-length': [ '1.0.3' ],
81 silly audit   'typed-array-byte-offset': [ '1.0.4' ],
81 silly audit   'typed-array-length': [ '1.0.7' ],
81 silly audit   typescript: [ '5.9.3' ],
81 silly audit   'typescript-eslint': [ '8.57.0' ],
81 silly audit   'unbox-primitive': [ '1.1.0' ],
81 silly audit   'undici-types': [ '7.18.2' ],
81 silly audit   'unrs-resolver': [ '1.11.1' ],
81 silly audit   'update-browserslist-db': [ '1.2.3' ],
81 silly audit   'uri-js': [ '4.4.1' ],
81 silly audit   utrie: [ '1.0.2' ],
81 silly audit   which: [ '2.0.2' ],
81 silly audit   'which-boxed-primitive': [ '1.1.1' ],
81 silly audit   'which-builtin-type': [ '1.2.1' ],
81 silly audit   'which-collection': [ '1.0.2' ],
81 silly audit   'which-typed-array': [ '1.1.20' ],
81 silly audit   'word-wrap': [ '1.2.5' ],
81 silly audit   wrappy: [ '1.0.2' ],
81 silly audit   ws: [ '8.20.0' ],
81 silly audit   yallist: [ '3.1.1' ],
81 silly audit   'yocto-queue': [ '0.1.0' ],
81 silly audit   zod: [ '4.3.6' ],
81 silly audit   'zod-validation-error': [ '4.0.2' ],
81 silly audit   xlsx: [ '0.18.5' ],
81 silly audit   'adler-32': [ '1.3.1' ],
81 silly audit   cfb: [ '1.2.2' ],
81 silly audit   codepage: [ '1.15.0' ],
81 silly audit   ssf: [ '0.11.2' ],
81 silly audit   wmf: [ '1.0.2' ],
81 silly audit   word: [ '0.3.0' ],
81 silly audit   frac: [ '1.1.2' ]
81 silly audit }
82 verbose reify failed optional dependency /Users/adityagupta/coding/resugrow/node_modules/@unrs/resolver-binding-win32-x64-msvc
83 silly reify mark deleted [
83 silly reify   '/Users/adityagupta/coding/resugrow/node_modules/@unrs/resolver-binding-win32-x64-msvc'
83 silly reify ]
84 verbose reify failed optional dependency /Users/adityagupta/coding/resugrow/node_modules/@unrs/resolver-binding-win32-ia32-msvc
85 silly reify mark deleted [
85 silly reify   '/Users/adityagupta/coding/resugrow/node_modules/@unrs/resolver-binding-win32-ia32-msvc'
85 silly reify ]
86 verbose reify failed optional dependency /Users/adityagupta/coding/resugrow/node_modules/@unrs/resolver-binding-win32-arm64-msvc
87 silly reify mark deleted [
87 silly reify   '/Users/adityagupta/coding/resugrow/node_modules/@unrs/resolver-binding-win32-arm64-msvc'
87 silly reify ]
88 verbose reify failed optional dependency /Users/adityagupta/coding/resugrow/node_modules/@unrs/resolver-binding-wasm32-wasi
89 silly reify mark deleted [
89 silly reify   '/Users/adityagupta/coding/resugrow/node_modules/@unrs/resolver-binding-wasm32-wasi'
89 silly reify ]
90 verbose reify failed optional dependency /Users/adityagupta/coding/resugrow/node_modules/@napi-rs/wasm-runtime
91 silly reify mark deleted [
91 silly reify   '/Users/adityagupta/coding/resugrow/node_modules/@napi-rs/wasm-runtime'
91 silly reify ]
92 verbose reify failed optional dependency /Users/adityagupta/coding/resugrow/node_modules/@emnapi/core
93 silly reify mark deleted [ '/Users/adityagupta/coding/resugrow/node_modules/@emnapi/core' ]
94 verbose reify failed optional dependency /Users/adityagupta/coding/resugrow/node_modules/@tybys/wasm-util
95 silly reify mark deleted [ '/Users/adityagupta/coding/resugrow/node_modules/@tybys/wasm-util' ]
96 verbose reify failed optional dependency /Users/adityagupta/coding/resugrow/node_modules/@emnapi/wasi-threads
97 silly reify mark deleted [
97 silly reify   '/Users/adityagupta/coding/resugrow/node_modules/@emnapi/wasi-threads'
97 silly reify ]
98 verbose reify failed optional dependency /Users/adityagupta/coding/resugrow/node_modules/@unrs/resolver-binding-linux-x64-musl
99 silly reify mark deleted [
99 silly reify   '/Users/adityagupta/coding/resugrow/node_modules/@unrs/resolver-binding-linux-x64-musl'
99 silly reify ]
100 verbose reify failed optional dependency /Users/adityagupta/coding/resugrow/node_modules/@unrs/resolver-binding-linux-x64-gnu
101 silly reify mark deleted [
101 silly reify   '/Users/adityagupta/coding/resugrow/node_modules/@unrs/resolver-binding-linux-x64-gnu'
101 silly reify ]
102 verbose reify failed optional dependency /Users/adityagupta/coding/resugrow/node_modules/@unrs/resolver-binding-linux-s390x-gnu
103 silly reify mark deleted [
103 silly reify   '/Users/adityagupta/coding/resugrow/node_modules/@unrs/resolver-binding-linux-s390x-gnu'
103 silly reify ]
104 verbose reify failed optional dependency /Users/adityagupta/coding/resugrow/node_modules/@unrs/resolver-binding-linux-riscv64-musl
105 silly reify mark deleted [
105 silly reify   '/Users/adityagupta/coding/resugrow/node_modules/@unrs/resolver-binding-linux-riscv64-musl'
105 silly reify ]
106 verbose reify failed optional dependency /Users/adityagupta/coding/resugrow/node_modules/@unrs/resolver-binding-linux-riscv64-gnu
107 silly reify mark deleted [
107 silly reify   '/Users/adityagupta/coding/resugrow/node_modules/@unrs/resolver-binding-linux-riscv64-gnu'
107 silly reify ]
108 verbose reify failed optional dependency /Users/adityagupta/coding/resugrow/node_modules/@unrs/resolver-binding-linux-ppc64-gnu
109 silly reify mark deleted [
109 silly reify   '/Users/adityagupta/coding/resugrow/node_modules/@unrs/resolver-binding-linux-ppc64-gnu'
109 silly reify ]
110 verbose reify failed optional dependency /Users/adityagupta/coding/resugrow/node_modules/@unrs/resolver-binding-linux-arm64-musl
111 silly reify mark deleted [
111 silly reify   '/Users/adityagupta/coding/resugrow/node_modules/@unrs/resolver-binding-linux-arm64-musl'
111 silly reify ]
112 verbose reify failed optional dependency /Users/adityagupta/coding/resugrow/node_modules/@unrs/resolver-binding-linux-arm64-gnu
113 silly reify mark deleted [
113 silly reify   '/Users/adityagupta/coding/resugrow/node_modules/@unrs/resolver-binding-linux-arm64-gnu'
113 silly reify ]
114 verbose reify failed optional dependency /Users/adityagupta/coding/resugrow/node_modules/@unrs/resolver-binding-linux-arm-musleabihf
115 silly reify mark deleted [
115 silly reify   '/Users/adityagupta/coding/resugrow/node_modules/@unrs/resolver-binding-linux-arm-musleabihf'
115 silly reify ]
116 verbose reify failed optional dependency /Users/adityagupta/coding/resugrow/node_modules/@unrs/resolver-binding-linux-arm-gnueabihf
117 silly reify mark deleted [
117 silly reify   '/Users/adityagupta/coding/resugrow/node_modules/@unrs/resolver-binding-linux-arm-gnueabihf'
117 silly reify ]
118 verbose reify failed optional dependency /Users/adityagupta/coding/resugrow/node_modules/@unrs/resolver-binding-freebsd-x64
119 silly reify mark deleted [
119 silly reify   '/Users/adityagupta/coding/resugrow/node_modules/@unrs/resolver-binding-freebsd-x64'
119 silly reify ]
120 verbose reify failed optional dependency /Users/adityagupta/coding/resugrow/node_modules/@unrs/resolver-binding-darwin-x64
121 silly reify mark deleted [
121 silly reify   '/Users/adityagupta/coding/resugrow/node_modules/@unrs/resolver-binding-darwin-x64'
121 silly reify ]
122 verbose reify failed optional dependency /Users/adityagupta/coding/resugrow/node_modules/@unrs/resolver-binding-android-arm64
123 silly reify mark deleted [
123 silly reify   '/Users/adityagupta/coding/resugrow/node_modules/@unrs/resolver-binding-android-arm64'
123 silly reify ]
124 verbose reify failed optional dependency /Users/adityagupta/coding/resugrow/node_modules/@unrs/resolver-binding-android-arm-eabi
125 silly reify mark deleted [
125 silly reify   '/Users/adityagupta/coding/resugrow/node_modules/@unrs/resolver-binding-android-arm-eabi'
125 silly reify ]
126 verbose reify failed optional dependency /Users/adityagupta/coding/resugrow/node_modules/@next/swc-win32-x64-msvc
127 silly reify mark deleted [
127 silly reify   '/Users/adityagupta/coding/resugrow/node_modules/@next/swc-win32-x64-msvc'
127 silly reify ]
128 verbose reify failed optional dependency /Users/adityagupta/coding/resugrow/node_modules/@next/swc-win32-arm64-msvc
129 silly reify mark deleted [
129 silly reify   '/Users/adityagupta/coding/resugrow/node_modules/@next/swc-win32-arm64-msvc'
129 silly reify ]
130 verbose reify failed optional dependency /Users/adityagupta/coding/resugrow/node_modules/@next/swc-linux-x64-musl
131 silly reify mark deleted [
131 silly reify   '/Users/adityagupta/coding/resugrow/node_modules/@next/swc-linux-x64-musl'
131 silly reify ]
132 verbose reify failed optional dependency /Users/adityagupta/coding/resugrow/node_modules/@next/swc-linux-x64-gnu
133 silly reify mark deleted [
133 silly reify   '/Users/adityagupta/coding/resugrow/node_modules/@next/swc-linux-x64-gnu'
133 silly reify ]
134 verbose reify failed optional dependency /Users/adityagupta/coding/resugrow/node_modules/@next/swc-linux-arm64-musl
135 silly reify mark deleted [
135 silly reify   '/Users/adityagupta/coding/resugrow/node_modules/@next/swc-linux-arm64-musl'
135 silly reify ]
136 verbose reify failed optional dependency /Users/adityagupta/coding/resugrow/node_modules/@next/swc-linux-arm64-gnu
137 silly reify mark deleted [
137 silly reify   '/Users/adityagupta/coding/resugrow/node_modules/@next/swc-linux-arm64-gnu'
137 silly reify ]
138 verbose reify failed optional dependency /Users/adityagupta/coding/resugrow/node_modules/@next/swc-darwin-x64
139 silly reify mark deleted [
139 silly reify   '/Users/adityagupta/coding/resugrow/node_modules/@next/swc-darwin-x64'
139 silly reify ]
140 verbose reify failed optional dependency /Users/adityagupta/coding/resugrow/node_modules/@img/sharp-win32-x64
141 silly reify mark deleted [
141 silly reify   '/Users/adityagupta/coding/resugrow/node_modules/@img/sharp-win32-x64'
141 silly reify ]
142 verbose reify failed optional dependency /Users/adityagupta/coding/resugrow/node_modules/@img/sharp-win32-ia32
143 silly reify mark deleted [
143 silly reify   '/Users/adityagupta/coding/resugrow/node_modules/@img/sharp-win32-ia32'
143 silly reify ]
144 verbose reify failed optional dependency /Users/adityagupta/coding/resugrow/node_modules/@img/sharp-win32-arm64
145 silly reify mark deleted [
145 silly reify   '/Users/adityagupta/coding/resugrow/node_modules/@img/sharp-win32-arm64'
145 silly reify ]
146 verbose reify failed optional dependency /Users/adityagupta/coding/resugrow/node_modules/@img/sharp-wasm32
147 silly reify mark deleted [ '/Users/adityagupta/coding/resugrow/node_modules/@img/sharp-wasm32' ]
148 verbose reify failed optional dependency /Users/adityagupta/coding/resugrow/node_modules/@img/sharp-linuxmusl-x64
149 silly reify mark deleted [
149 silly reify   '/Users/adityagupta/coding/resugrow/node_modules/@img/sharp-linuxmusl-x64'
149 silly reify ]
150 verbose reify failed optional dependency /Users/adityagupta/coding/resugrow/node_modules/@img/sharp-linuxmusl-arm64
151 silly reify mark deleted [
151 silly reify   '/Users/adityagupta/coding/resugrow/node_modules/@img/sharp-linuxmusl-arm64'
151 silly reify ]
152 verbose reify failed optional dependency /Users/adityagupta/coding/resugrow/node_modules/@img/sharp-linux-x64
153 silly reify mark deleted [
153 silly reify   '/Users/adityagupta/coding/resugrow/node_modules/@img/sharp-linux-x64'
153 silly reify ]
154 verbose reify failed optional dependency /Users/adityagupta/coding/resugrow/node_modules/@img/sharp-linux-s390x
155 silly reify mark deleted [
155 silly reify   '/Users/adityagupta/coding/resugrow/node_modules/@img/sharp-linux-s390x'
155 silly reify ]
156 verbose reify failed optional dependency /Users/adityagupta/coding/resugrow/node_modules/@img/sharp-linux-riscv64
157 silly reify mark deleted [
157 silly reify   '/Users/adityagupta/coding/resugrow/node_modules/@img/sharp-linux-riscv64'
157 silly reify ]
158 verbose reify failed optional dependency /Users/adityagupta/coding/resugrow/node_modules/@img/sharp-linux-ppc64
159 silly reify mark deleted [
159 silly reify   '/Users/adityagupta/coding/resugrow/node_modules/@img/sharp-linux-ppc64'
159 silly reify ]
160 verbose reify failed optional dependency /Users/adityagupta/coding/resugrow/node_modules/@img/sharp-linux-arm64
161 silly reify mark deleted [
161 silly reify   '/Users/adityagupta/coding/resugrow/node_modules/@img/sharp-linux-arm64'
161 silly reify ]
162 verbose reify failed optional dependency /Users/adityagupta/coding/resugrow/node_modules/@img/sharp-linux-arm
163 silly reify mark deleted [
163 silly reify   '/Users/adityagupta/coding/resugrow/node_modules/@img/sharp-linux-arm'
163 silly reify ]
164 verbose reify failed optional dependency /Users/adityagupta/coding/resugrow/node_modules/@img/sharp-libvips-linuxmusl-x64
165 silly reify mark deleted [
165 silly reify   '/Users/adityagupta/coding/resugrow/node_modules/@img/sharp-libvips-linuxmusl-x64'
165 silly reify ]
166 verbose reify failed optional dependency /Users/adityagupta/coding/resugrow/node_modules/@img/sharp-libvips-linuxmusl-arm64
167 silly reify mark deleted [
167 silly reify   '/Users/adityagupta/coding/resugrow/node_modules/@img/sharp-libvips-linuxmusl-arm64'
167 silly reify ]
168 verbose reify failed optional dependency /Users/adityagupta/coding/resugrow/node_modules/@img/sharp-libvips-linux-x64
169 silly reify mark deleted [
169 silly reify   '/Users/adityagupta/coding/resugrow/node_modules/@img/sharp-libvips-linux-x64'
169 silly reify ]
170 verbose reify failed optional dependency /Users/adityagupta/coding/resugrow/node_modules/@img/sharp-libvips-linux-s390x
171 silly reify mark deleted [
171 silly reify   '/Users/adityagupta/coding/resugrow/node_modules/@img/sharp-libvips-linux-s390x'
171 silly reify ]
172 verbose reify failed optional dependency /Users/adityagupta/coding/resugrow/node_modules/@img/sharp-libvips-linux-riscv64
173 silly reify mark deleted [
173 silly reify   '/Users/adityagupta/coding/resugrow/node_modules/@img/sharp-libvips-linux-riscv64'
173 silly reify ]
174 verbose reify failed optional dependency /Users/adityagupta/coding/resugrow/node_modules/@img/sharp-libvips-linux-ppc64
175 silly reify mark deleted [
175 silly reify   '/Users/adityagupta/coding/resugrow/node_modules/@img/sharp-libvips-linux-ppc64'
175 silly reify ]
176 verbose reify failed optional dependency /Users/adityagupta/coding/resugrow/node_modules/@img/sharp-libvips-linux-arm64
177 silly reify mark deleted [
177 silly reify   '/Users/adityagupta/coding/resugrow/node_modules/@img/sharp-libvips-linux-arm64'
177 silly reify ]
178 verbose reify failed optional dependency /Users/adityagupta/coding/resugrow/node_modules/@img/sharp-libvips-linux-arm
179 silly reify mark deleted [
179 silly reify   '/Users/adityagupta/coding/resugrow/node_modules/@img/sharp-libvips-linux-arm'
179 silly reify ]
180 verbose reify failed optional dependency /Users/adityagupta/coding/resugrow/node_modules/@img/sharp-libvips-darwin-x64
181 silly reify mark deleted [
181 silly reify   '/Users/adityagupta/coding/resugrow/node_modules/@img/sharp-libvips-darwin-x64'
181 silly reify ]
182 verbose reify failed optional dependency /Users/adityagupta/coding/resugrow/node_modules/@img/sharp-darwin-x64
183 silly reify mark deleted [
183 silly reify   '/Users/adityagupta/coding/resugrow/node_modules/@img/sharp-darwin-x64'
183 silly reify ]
184 timing reifyNode:node_modules/@unrs/resolver-binding-win32-x64-msvc Completed in 6ms
185 timing reifyNode:node_modules/@unrs/resolver-binding-win32-ia32-msvc Completed in 6ms
186 timing reifyNode:node_modules/@unrs/resolver-binding-win32-arm64-msvc Completed in 6ms
187 timing reifyNode:node_modules/@unrs/resolver-binding-wasm32-wasi Completed in 7ms
188 timing reifyNode:node_modules/@unrs/resolver-binding-linux-x64-musl Completed in 7ms
189 timing reifyNode:node_modules/@unrs/resolver-binding-linux-x64-gnu Completed in 7ms
190 timing reifyNode:node_modules/@unrs/resolver-binding-linux-s390x-gnu Completed in 7ms
191 timing reifyNode:node_modules/@unrs/resolver-binding-linux-riscv64-musl Completed in 7ms
192 timing reifyNode:node_modules/@unrs/resolver-binding-linux-riscv64-gnu Completed in 7ms
193 timing reifyNode:node_modules/@unrs/resolver-binding-linux-ppc64-gnu Completed in 7ms
194 timing reifyNode:node_modules/@unrs/resolver-binding-linux-arm64-musl Completed in 7ms
195 timing reifyNode:node_modules/@unrs/resolver-binding-linux-arm64-gnu Completed in 7ms
196 timing reifyNode:node_modules/@unrs/resolver-binding-linux-arm-musleabihf Completed in 7ms
197 timing reifyNode:node_modules/@unrs/resolver-binding-linux-arm-gnueabihf Completed in 7ms
198 timing reifyNode:node_modules/@unrs/resolver-binding-freebsd-x64 Completed in 7ms
199 timing reifyNode:node_modules/@unrs/resolver-binding-darwin-x64 Completed in 7ms
200 timing reifyNode:node_modules/@unrs/resolver-binding-android-arm64 Completed in 7ms
201 timing reifyNode:node_modules/@unrs/resolver-binding-android-arm-eabi Completed in 7ms
202 timing reifyNode:node_modules/@next/swc-win32-x64-msvc Completed in 7ms
203 timing reifyNode:node_modules/@next/swc-win32-arm64-msvc Completed in 7ms
204 timing reifyNode:node_modules/@next/swc-linux-x64-musl Completed in 7ms
205 timing reifyNode:node_modules/@next/swc-linux-x64-gnu Completed in 7ms
206 timing reifyNode:node_modules/@next/swc-linux-arm64-musl Completed in 6ms
207 timing reifyNode:node_modules/@next/swc-linux-arm64-gnu Completed in 6ms
208 timing reifyNode:node_modules/@next/swc-darwin-x64 Completed in 6ms
209 timing reifyNode:node_modules/@img/sharp-win32-x64 Completed in 6ms
210 timing reifyNode:node_modules/@img/sharp-win32-ia32 Completed in 6ms
211 timing reifyNode:node_modules/@img/sharp-win32-arm64 Completed in 6ms
212 timing reifyNode:node_modules/@img/sharp-wasm32 Completed in 6ms
213 timing reifyNode:node_modules/@img/sharp-linuxmusl-x64 Completed in 6ms
214 timing reifyNode:node_modules/@img/sharp-linuxmusl-arm64 Completed in 6ms
215 timing reifyNode:node_modules/@img/sharp-linux-x64 Completed in 6ms
216 timing reifyNode:node_modules/@img/sharp-linux-s390x Completed in 6ms
217 timing reifyNode:node_modules/@img/sharp-linux-riscv64 Completed in 6ms
218 timing reifyNode:node_modules/@img/sharp-linux-ppc64 Completed in 6ms
219 timing reifyNode:node_modules/@img/sharp-linux-arm64 Completed in 6ms
220 timing reifyNode:node_modules/@img/sharp-linux-arm Completed in 6ms
221 timing reifyNode:node_modules/@img/sharp-libvips-linuxmusl-x64 Completed in 6ms
222 timing reifyNode:node_modules/@img/sharp-libvips-linuxmusl-arm64 Completed in 6ms
223 timing reifyNode:node_modules/@img/sharp-libvips-linux-x64 Completed in 6ms
224 timing reifyNode:node_modules/@img/sharp-libvips-linux-s390x Completed in 6ms
225 timing reifyNode:node_modules/@img/sharp-libvips-linux-riscv64 Completed in 6ms
226 timing reifyNode:node_modules/@img/sharp-libvips-linux-ppc64 Completed in 6ms
227 timing reifyNode:node_modules/@img/sharp-libvips-linux-arm64 Completed in 6ms
228 timing reifyNode:node_modules/@img/sharp-libvips-linux-arm Completed in 6ms
229 timing reifyNode:node_modules/@img/sharp-libvips-darwin-x64 Completed in 6ms
230 timing reifyNode:node_modules/@img/sharp-darwin-x64 Completed in 6ms
231 silly tarball no local data for word@https://registry.npmjs.org/word/-/word-0.3.0.tgz. Extracting by manifest.
232 silly tarball no local data for wmf@https://registry.npmjs.org/wmf/-/wmf-1.0.2.tgz. Extracting by manifest.
233 silly tarball no local data for codepage@https://registry.npmjs.org/codepage/-/codepage-1.15.0.tgz. Extracting by manifest.
234 silly tarball no local data for ssf@https://registry.npmjs.org/ssf/-/ssf-0.11.2.tgz. Extracting by manifest.
235 silly tarball no local data for frac@https://registry.npmjs.org/frac/-/frac-1.1.2.tgz. Extracting by manifest.
236 silly tarball no local data for cfb@https://registry.npmjs.org/cfb/-/cfb-1.2.2.tgz. Extracting by manifest.
237 silly tarball no local data for xlsx@https://registry.npmjs.org/xlsx/-/xlsx-0.18.5.tgz. Extracting by manifest.
238 silly tarball no local data for adler-32@https://registry.npmjs.org/adler-32/-/adler-32-1.3.1.tgz. Extracting by manifest.
239 timing reifyNode:node_modules/@emnapi/wasi-threads Completed in 58ms
240 http fetch GET 200 https://registry.npmjs.org/frac/-/frac-1.1.2.tgz 48ms (cache miss)
241 timing reifyNode:node_modules/frac Completed in 60ms
242 http fetch GET 200 https://registry.npmjs.org/word/-/word-0.3.0.tgz 49ms (cache miss)
243 timing reifyNode:node_modules/word Completed in 60ms
244 http fetch GET 200 https://registry.npmjs.org/ssf/-/ssf-0.11.2.tgz 54ms (cache miss)
245 timing reifyNode:node_modules/ssf Completed in 66ms
246 http fetch GET 200 https://registry.npmjs.org/wmf/-/wmf-1.0.2.tgz 65ms (cache miss)
247 timing reifyNode:node_modules/wmf Completed in 76ms
248 timing reifyNode:node_modules/@tybys/wasm-util Completed in 76ms
249 timing reifyNode:node_modules/@emnapi/core Completed in 78ms
250 timing reifyNode:node_modules/@napi-rs/wasm-runtime Completed in 88ms
251 http fetch GET 200 https://registry.npmjs.org/adler-32/-/adler-32-1.3.1.tgz 209ms (cache miss)
252 timing reifyNode:node_modules/adler-32 Completed in 222ms
253 http fetch GET 200 https://registry.npmjs.org/cfb/-/cfb-1.2.2.tgz 273ms (cache miss)
254 timing reifyNode:node_modules/cfb Completed in 285ms
255 http fetch POST 200 https://registry.npmjs.org/-/npm/v1/security/advisories/bulk 938ms
256 timing auditReport:getReport Completed in 942ms
257 silly audit report {
257 silly audit report   'brace-expansion': [
257 silly audit report     {
257 silly audit report       id: 1115540,
257 silly audit report       url: 'https://github.com/advisories/GHSA-f886-m6hf-6m8v',
257 silly audit report       title: 'brace-expansion: Zero-step sequence causes process hang and memory exhaustion',
257 silly audit report       severity: 'moderate',
257 silly audit report       vulnerable_versions: '<1.1.13',
257 silly audit report       cwe: [Array],
257 silly audit report       cvss: [Object]
257 silly audit report     },
257 silly audit report     {
257 silly audit report       id: 1115543,
257 silly audit report       url: 'https://github.com/advisories/GHSA-f886-m6hf-6m8v',
257 silly audit report       title: 'brace-expansion: Zero-step sequence causes process hang and memory exhaustion',
257 silly audit report       severity: 'moderate',
257 silly audit report       vulnerable_versions: '>=4.0.0 <5.0.5',
257 silly audit report       cwe: [Array],
257 silly audit report       cvss: [Object]
257 silly audit report     }
257 silly audit report   ],
257 silly audit report   flatted: [
257 silly audit report     {
257 silly audit report       id: 1115357,
257 silly audit report       url: 'https://github.com/advisories/GHSA-rf6f-7fwh-wjgh',
257 silly audit report       title: 'Prototype Pollution via parse() in NodeJS flatted',
257 silly audit report       severity: 'high',
257 silly audit report       vulnerable_versions: '<=3.4.1',
257 silly audit report       cwe: [Array],
257 silly audit report       cvss: [Object]
257 silly audit report     }
257 silly audit report   ],
257 silly audit report   next: [
257 silly audit report     {
257 silly audit report       id: 1114898,
257 silly audit report       url: 'https://github.com/advisories/GHSA-ggv3-7p47-pfv8',
257 silly audit report       title: 'Next.js: HTTP request smuggling in rewrites',
257 silly audit report       severity: 'moderate',
257 silly audit report       vulnerable_versions: '>=16.0.0-beta.0 <16.1.7',
257 silly audit report       cwe: [Array],
257 silly audit report       cvss: [Object]
257 silly audit report     },
257 silly audit report     {
257 silly audit report       id: 1114941,
257 silly audit report       url: 'https://github.com/advisories/GHSA-3x4c-7xq6-9pq8',
257 silly audit report       title: 'Next.js: Unbounded next/image disk cache growth can exhaust storage',
257 silly audit report       severity: 'moderate',
257 silly audit report       vulnerable_versions: '>=16.0.0-beta.0 <16.1.7',
257 silly audit report       cwe: [Array],
257 silly audit report       cvss: [Object]
257 silly audit report     },
257 silly audit report     {
257 silly audit report       id: 1114942,
257 silly audit report       url: 'https://github.com/advisories/GHSA-h27x-g6w4-24gq',
257 silly audit report       title: 'Next.js: Unbounded postponed resume buffering can lead to DoS',
257 silly audit report       severity: 'moderate',
257 silly audit report       vulnerable_versions: '>=16.0.1 <16.1.7',
257 silly audit report       cwe: [Array],
257 silly audit report       cvss: [Object]
257 silly audit report     },
257 silly audit report     {
257 silly audit report       id: 1114943,
257 silly audit report       url: 'https://github.com/advisories/GHSA-mq59-m269-xvcx',
257 silly audit report       title: 'Next.js: null origin can bypass Server Actions CSRF checks',
257 silly audit report       severity: 'moderate',
257 silly audit report       vulnerable_versions: '>=16.0.1 <16.1.7',
257 silly audit report       cwe: [Array],
257 silly audit report       cvss: [Object]
257 silly audit report     },
257 silly audit report     {
257 silly audit report       id: 1115360,
257 silly audit report       url: 'https://github.com/advisories/GHSA-jcc7-9wpm-mj36',
257 silly audit report       title: 'Next.js: null origin can bypass dev HMR websocket CSRF checks',
257 silly audit report       severity: 'low',
257 silly audit report       vulnerable_versions: '>=16.0.1 <16.1.7',
257 silly audit report       cwe: [Array],
257 silly audit report       cvss: [Object]
257 silly audit report     }
257 silly audit report   ],
257 silly audit report   picomatch: [
257 silly audit report     {
257 silly audit report       id: 1115549,
257 silly audit report       url: 'https://github.com/advisories/GHSA-3v7f-55p6-f55p',
257 silly audit report       title: 'Picomatch: Method Injection in POSIX Character Classes causes incorrect Glob Matching',
257 silly audit report       severity: 'moderate',
257 silly audit report       vulnerable_versions: '<2.3.2',
257 silly audit report       cwe: [Array],
257 silly audit report       cvss: [Object]
257 silly audit report     },
257 silly audit report     {
257 silly audit report       id: 1115551,
257 silly audit report       url: 'https://github.com/advisories/GHSA-3v7f-55p6-f55p',
257 silly audit report       title: 'Picomatch: Method Injection in POSIX Character Classes causes incorrect Glob Matching',
257 silly audit report       severity: 'moderate',
257 silly audit report       vulnerable_versions: '>=4.0.0 <4.0.4',
257 silly audit report       cwe: [Array],
257 silly audit report       cvss: [Object]
257 silly audit report     },
257 silly audit report     {
257 silly audit report       id: 1115552,
257 silly audit report       url: 'https://github.com/advisories/GHSA-c2c7-rcm5-vvqj',
257 silly audit report       title: 'Picomatch has a ReDoS vulnerability via extglob quantifiers',
257 silly audit report       severity: 'high',
257 silly audit report       vulnerable_versions: '<2.3.2',
257 silly audit report       cwe: [Array],
257 silly audit report       cvss: [Object]
257 silly audit report     },
257 silly audit report     {
257 silly audit report       id: 1115554,
257 silly audit report       url: 'https://github.com/advisories/GHSA-c2c7-rcm5-vvqj',
257 silly audit report       title: 'Picomatch has a ReDoS vulnerability via extglob quantifiers',
257 silly audit report       severity: 'high',
257 silly audit report       vulnerable_versions: '>=4.0.0 <4.0.4',
257 silly audit report       cwe: [Array],
257 silly audit report       cvss: [Object]
257 silly audit report     }
257 silly audit report   ],
257 silly audit report   xlsx: [
257 silly audit report     {
257 silly audit report       id: 1108110,
257 silly audit report       url: 'https://github.com/advisories/GHSA-4r6h-8v6p-xvw6',
257 silly audit report       title: 'Prototype Pollution in sheetJS',
257 silly audit report       severity: 'high',
257 silly audit report       vulnerable_versions: '<0.19.3',
257 silly audit report       cwe: [Array],
257 silly audit report       cvss: [Object]
257 silly audit report     },
257 silly audit report     {
257 silly audit report       id: 1108111,
257 silly audit report       url: 'https://github.com/advisories/GHSA-5pgg-2g8v-p4x9',
257 silly audit report       title: 'SheetJS Regular Expression Denial of Service (ReDoS)',
257 silly audit report       severity: 'high',
257 silly audit report       vulnerable_versions: '<0.20.2',
257 silly audit report       cwe: [Array],
257 silly audit report       cvss: [Object]
257 silly audit report     }
257 silly audit report   ]
257 silly audit report }
258 timing metavuln:packument:xlsx Completed in 0ms
259 timing metavuln:cache:get:security-advisory:xlsx:swOxmZADZpt7eHfn64Mi1dWv/TgPtf/jP8wYjroBAL7VARwb4IxiG3QjP82lizsySczW06PmrC02c1NL6qfAzQ== Completed in 0ms
260 timing metavuln:load:security-advisory:xlsx:1108110 Completed in 2ms
261 timing metavuln:cache:get:security-advisory:xlsx:Vu58ogjFbCN4Q9DesKCH1iyvqHHd3/98MmWqkGo00tnXQgkenwl3+dfcbbqZqjpDVdvuVn0DxQ1UNghJIRKmqw== Completed in 2ms
262 timing metavuln:load:security-advisory:xlsx:1108111 Completed in 1ms
263 timing metavuln:cache:get:security-advisory:brace-expansion:kIHgu1L8zIy7pY0wp6wYzUm7tst3xTM2tiSYrstcGK/XsO7o4p6zyuUSjq93oH1dvU2tbEvlSW+gaNbGIbeudw== Completed in 10ms
264 timing metavuln:cache:get:security-advisory:brace-expansion:X+2z5DmMLLtwcvbDUIIjlBiuIe1FsJr11BHH+Ya9VXvIONFkKQYgmP974CbVQDuFz9UTSVTqC37pXxmuKfUHmw== Completed in 10ms
265 timing metavuln:cache:get:security-advisory:flatted:uMG/3R828PE31LVzr7SnM2pFAXessH3XoRtonZYiGJtZfR5a//VWhmdMxy/RepstCydCDFxkci7fqEuzEvhnAA== Completed in 9ms
266 timing metavuln:cache:get:security-advisory:next:pfJYvYkpc1T20g2IKjbzkakNGtYr0QXbogK3X6xAOzZsn5Kyr/YLBLjy6eJStby0dKNxeiN+ijjR8jVkBktPAQ== Completed in 10ms
267 timing metavuln:cache:get:security-advisory:next:le2fb0RAXWXaEWoruMz4Hdx98HeWB4LvXYaSmjzG9TxgbUpMiWd06mJZL1LWPUThHuJZ/kQ97oA+72+Ydn+HfQ== Completed in 10ms
268 timing metavuln:cache:get:security-advisory:next:z16+HK/nzgxF9zOYoQM+oZxz2wOQPx6deHBqwtnHj+5IlHaLMap9L8Melw/34CTbXkTTuxmAhilyIA2fsb7dxA== Completed in 10ms
269 timing metavuln:cache:get:security-advisory:picomatch:2VXNT0aF/Oc+aljqzVZL+y7UYoRsun3f1sCqjauwt4R4X9DizyqvONZbNtH8U58EY1DnyPNR0Ul3cX6UkEWNqw== Completed in 10ms
270 timing metavuln:cache:get:security-advisory:next:dBb+5toF9co6fKsgAarQnpqwtyNfMNlCFpXUFHUQ4/KK/4j3zwXw2ZeVl1pZhIkk/gEDR3+Kcr+sXZmFSfID1g== Completed in 10ms
271 timing metavuln:cache:get:security-advisory:next:9ZIxbB7Ts9ypD12Y/qQigC8+svbTMsEbUHauRk/NkRlQEoOfaK1Bn5BcySnWxlQ94XeN4lNv5nwKIHT6HN9kCQ== Completed in 11ms
272 timing metavuln:cache:get:security-advisory:picomatch:GSQ5ghUF1JWDKMssoydWDVRebjlPePRwktLhrdWzXCq5xeBXdo4Cm9HGHnH2b6P1Nq93YjwPmimVjAx6kge32A== Completed in 11ms
273 timing metavuln:cache:get:security-advisory:picomatch:H8EHkZXRRUdil3DyUl8tc8lCQUliQzjc5H5D4llqFojH152sBqO1suz3XiNiRQT++wJdWkgXe/zFc/Bbrrz6ng== Completed in 11ms
274 timing metavuln:cache:get:security-advisory:picomatch:PpR3fLr2OHopA+LsAWF3etD15aOC+jSmDwUcp4VQCTrR40wKvI/IGhhNd2qAhozxRYiHGwb06lLJm+b8SMoG/w== Completed in 11ms
275 timing metavuln:cache:put:security-advisory:xlsx:Vu58ogjFbCN4Q9DesKCH1iyvqHHd3/98MmWqkGo00tnXQgkenwl3+dfcbbqZqjpDVdvuVn0DxQ1UNghJIRKmqw== Completed in 13ms
276 timing metavuln:calculate:security-advisory:xlsx:1108111 Completed in 16ms
277 timing metavuln:cache:put:security-advisory:xlsx:swOxmZADZpt7eHfn64Mi1dWv/TgPtf/jP8wYjroBAL7VARwb4IxiG3QjP82lizsySczW06PmrC02c1NL6qfAzQ== Completed in 15ms
278 timing metavuln:calculate:security-advisory:xlsx:1108110 Completed in 17ms
279 http fetch GET 200 https://registry.npmjs.org/picomatch 218ms (cache revalidated)
280 timing metavuln:packument:picomatch Completed in 222ms
281 timing metavuln:load:security-advisory:picomatch:1115549 Completed in 0ms
282 timing metavuln:calculate:security-advisory:picomatch:1115549 Completed in 222ms
283 timing metavuln:load:security-advisory:picomatch:1115551 Completed in 0ms
284 timing metavuln:calculate:security-advisory:picomatch:1115551 Completed in 222ms
285 timing metavuln:load:security-advisory:picomatch:1115552 Completed in 0ms
286 timing metavuln:calculate:security-advisory:picomatch:1115552 Completed in 222ms
287 timing metavuln:load:security-advisory:picomatch:1115554 Completed in 0ms
288 timing metavuln:calculate:security-advisory:picomatch:1115554 Completed in 222ms
289 http fetch GET 200 https://registry.npmjs.org/flatted 223ms (cache revalidated)
290 timing metavuln:packument:flatted Completed in 223ms
291 timing metavuln:load:security-advisory:flatted:1115357 Completed in 0ms
292 timing metavuln:calculate:security-advisory:flatted:1115357 Completed in 224ms
293 http fetch GET 200 https://registry.npmjs.org/brace-expansion 376ms (cache revalidated)
294 timing metavuln:packument:brace-expansion Completed in 377ms
295 timing metavuln:load:security-advisory:brace-expansion:1115540 Completed in 0ms
296 timing metavuln:calculate:security-advisory:brace-expansion:1115540 Completed in 377ms
297 timing metavuln:load:security-advisory:brace-expansion:1115543 Completed in 0ms
298 timing metavuln:calculate:security-advisory:brace-expansion:1115543 Completed in 377ms
299 http fetch GET 200 https://registry.npmjs.org/codepage/-/codepage-1.15.0.tgz 1500ms (cache miss)
300 timing reifyNode:node_modules/codepage Completed in 1512ms
301 http fetch GET 200 https://registry.npmjs.org/xlsx/-/xlsx-0.18.5.tgz 1624ms (cache miss)
302 timing reifyNode:node_modules/xlsx Completed in 1637ms
303 timing reify:unpack Completed in 1637ms
304 timing reify:unretire Completed in 0ms
305 timing build:queue Completed in 3ms
306 timing build:link:node_modules/xlsx Completed in 2ms
307 timing build:link Completed in 2ms
308 timing build:deps Completed in 6ms
309 timing build Completed in 6ms
310 timing reify:build Completed in 6ms
311 timing reify:trash Completed in 9ms
312 timing reify:save Completed in 99ms
313 http fetch GET 200 https://registry.npmjs.org/next 2555ms (cache updated)
314 timing metavuln:packument:next Completed in 3199ms
315 timing metavuln:load:security-advisory:next:1114898 Completed in 39ms
316 timing metavuln:load:security-advisory:next:1114941 Completed in 25ms
317 timing metavuln:load:security-advisory:next:1114942 Completed in 31ms
318 timing metavuln:load:security-advisory:next:1114943 Completed in 31ms
319 timing metavuln:load:security-advisory:next:1115360 Completed in 28ms
320 timing metavuln:cache:put:security-advisory:next:9ZIxbB7Ts9ypD12Y/qQigC8+svbTMsEbUHauRk/NkRlQEoOfaK1Bn5BcySnWxlQ94XeN4lNv5nwKIHT6HN9kCQ== Completed in 3ms
321 timing metavuln:calculate:security-advisory:next:1115360 Completed in 3361ms
322 timing metavuln:cache:put:security-advisory:next:le2fb0RAXWXaEWoruMz4Hdx98HeWB4LvXYaSmjzG9TxgbUpMiWd06mJZL1LWPUThHuJZ/kQ97oA+72+Ydn+HfQ== Completed in 97ms
323 timing metavuln:calculate:security-advisory:next:1114941 Completed in 3361ms
324 timing metavuln:cache:put:security-advisory:next:pfJYvYkpc1T20g2IKjbzkakNGtYr0QXbogK3X6xAOzZsn5Kyr/YLBLjy6eJStby0dKNxeiN+ijjR8jVkBktPAQ== Completed in 123ms
325 timing metavuln:calculate:security-advisory:next:1114898 Completed in 3361ms
326 timing metavuln:cache:put:security-advisory:next:dBb+5toF9co6fKsgAarQnpqwtyNfMNlCFpXUFHUQ4/KK/4j3zwXw2ZeVl1pZhIkk/gEDR3+Kcr+sXZmFSfID1g== Completed in 32ms
327 timing metavuln:calculate:security-advisory:next:1114943 Completed in 3361ms
328 timing metavuln:cache:put:security-advisory:next:z16+HK/nzgxF9zOYoQM+oZxz2wOQPx6deHBqwtnHj+5IlHaLMap9L8Melw/34CTbXkTTuxmAhilyIA2fsb7dxA== Completed in 64ms
329 timing metavuln:calculate:security-advisory:next:1114942 Completed in 3361ms
330 timing metavuln:cache:get:security-advisory:minimatch:/0Er43jAJYtedmFf28LczeYNpugHuL8c0lEtKZQ3iahaosdPvdPdhmr9lB0BwJr6iZu9ORb4I2CUoET1WHhyuA== Completed in 3ms
331 http fetch GET 200 https://registry.npmjs.org/minimatch 57ms (cache revalidated)
332 timing metavuln:packument:minimatch Completed in 59ms
333 timing metavuln:load:security-advisory:minimatch:kIHgu1L8zIy7pY0wp6wYzUm7tst3xTM2tiSYrstcGK/XsO7o4p6zyuUSjq93oH1dvU2tbEvlSW+gaNbGIbeudw== Completed in 0ms
334 timing metavuln:calculate:security-advisory:minimatch:kIHgu1L8zIy7pY0wp6wYzUm7tst3xTM2tiSYrstcGK/XsO7o4p6zyuUSjq93oH1dvU2tbEvlSW+gaNbGIbeudw== Completed in 59ms
335 timing metavuln:cache:get:security-advisory:minimatch:EcD7s0gPHL/3R03vK1rWEd27tB8VR6akiW0SBpdtBNrh/xAvf6pL4mZ6MrFs6fEdYxnVAH+3+V0rH/lXc/NXKQ== Completed in 2ms
336 timing metavuln:load:security-advisory:minimatch:X+2z5DmMLLtwcvbDUIIjlBiuIe1FsJr11BHH+Ya9VXvIONFkKQYgmP974CbVQDuFz9UTSVTqC37pXxmuKfUHmw== Completed in 0ms
337 timing metavuln:calculate:security-advisory:minimatch:X+2z5DmMLLtwcvbDUIIjlBiuIe1FsJr11BHH+Ya9VXvIONFkKQYgmP974CbVQDuFz9UTSVTqC37pXxmuKfUHmw== Completed in 2ms
338 timing metavuln:cache:get:security-advisory:flat-cache:3Dh1iq8x4OJ/tqHJpUqvE/kKTuZSjsPqj1Cw+dVsTKN+BlWMSFh0aKtFT04Q9raL6Whptt5Rc+50eAcCQIYSQQ== Completed in 3ms
339 http fetch GET 200 https://registry.npmjs.org/flat-cache 37ms (cache revalidated)
340 timing metavuln:packument:flat-cache Completed in 39ms
341 timing metavuln:load:security-advisory:flat-cache:uMG/3R828PE31LVzr7SnM2pFAXessH3XoRtonZYiGJtZfR5a//VWhmdMxy/RepstCydCDFxkci7fqEuzEvhnAA== Completed in 0ms
342 timing metavuln:calculate:security-advisory:flat-cache:uMG/3R828PE31LVzr7SnM2pFAXessH3XoRtonZYiGJtZfR5a//VWhmdMxy/RepstCydCDFxkci7fqEuzEvhnAA== Completed in 39ms
343 timing metavuln:cache:get:security-advisory:@vercel/analytics:Pmd/Mk32K+oCC8BwfppNquqzzxjqbAd6ktboECzo6Vb2njEsI0xeM0vzfxoINSr8zvb2P6F0hiYulSGgvYhoAQ== Completed in 36ms
344 timing metavuln:cache:get:security-advisory:@vercel/speed-insights:qzLmnzY/4H9EuU0Erkof30befY/Pv//OPodIDhxgKUzwQQdcoy6+OJhhaANpT+h7KUBMZnFvsOLkGc2vLU6fbw== Completed in 36ms
345 timing metavuln:cache:get:security-advisory:next-auth:X1SCmGOeunX3SJ28o/8BxvG0cJ//PGr8Rr3z9lqfBx7/xXlLBm+vw8eAz58uDl6vc1yV0U8wAWHC+LX/2rQ+Rg== Completed in 36ms
346 http fetch GET 200 https://registry.npmjs.org/next-auth 153ms (cache revalidated)
347 timing metavuln:packument:next-auth Completed in 161ms
348 timing metavuln:load:security-advisory:next-auth:pfJYvYkpc1T20g2IKjbzkakNGtYr0QXbogK3X6xAOzZsn5Kyr/YLBLjy6eJStby0dKNxeiN+ijjR8jVkBktPAQ== Completed in 56ms
349 timing metavuln:cache:put:security-advisory:next-auth:X1SCmGOeunX3SJ28o/8BxvG0cJ//PGr8Rr3z9lqfBx7/xXlLBm+vw8eAz58uDl6vc1yV0U8wAWHC+LX/2rQ+Rg== Completed in 2ms
350 timing metavuln:calculate:security-advisory:next-auth:pfJYvYkpc1T20g2IKjbzkakNGtYr0QXbogK3X6xAOzZsn5Kyr/YLBLjy6eJStby0dKNxeiN+ijjR8jVkBktPAQ== Completed in 219ms
351 http fetch GET 200 https://registry.npmjs.org/@vercel%2fspeed-insights 768ms (cache revalidated)
352 timing metavuln:packument:@vercel/speed-insights Completed in 770ms
353 timing metavuln:load:security-advisory:@vercel/speed-insights:pfJYvYkpc1T20g2IKjbzkakNGtYr0QXbogK3X6xAOzZsn5Kyr/YLBLjy6eJStby0dKNxeiN+ijjR8jVkBktPAQ== Completed in 4ms
354 timing metavuln:cache:put:security-advisory:@vercel/speed-insights:qzLmnzY/4H9EuU0Erkof30befY/Pv//OPodIDhxgKUzwQQdcoy6+OJhhaANpT+h7KUBMZnFvsOLkGc2vLU6fbw== Completed in 1ms
355 timing metavuln:calculate:security-advisory:@vercel/speed-insights:pfJYvYkpc1T20g2IKjbzkakNGtYr0QXbogK3X6xAOzZsn5Kyr/YLBLjy6eJStby0dKNxeiN+ijjR8jVkBktPAQ== Completed in 775ms
356 http fetch GET 200 https://registry.npmjs.org/@vercel%2fanalytics 1733ms (cache revalidated)
357 timing metavuln:packument:@vercel/analytics Completed in 1738ms
358 timing metavuln:load:security-advisory:@vercel/analytics:pfJYvYkpc1T20g2IKjbzkakNGtYr0QXbogK3X6xAOzZsn5Kyr/YLBLjy6eJStby0dKNxeiN+ijjR8jVkBktPAQ== Completed in 1ms
359 timing metavuln:cache:put:security-advisory:@vercel/analytics:Pmd/Mk32K+oCC8BwfppNquqzzxjqbAd6ktboECzo6Vb2njEsI0xeM0vzfxoINSr8zvb2P6F0hiYulSGgvYhoAQ== Completed in 2ms
360 timing metavuln:calculate:security-advisory:@vercel/analytics:pfJYvYkpc1T20g2IKjbzkakNGtYr0QXbogK3X6xAOzZsn5Kyr/YLBLjy6eJStby0dKNxeiN+ijjR8jVkBktPAQ== Completed in 1741ms
361 timing metavuln:cache:get:security-advisory:micromatch:Gfx2SOQRY3jP5uv6bFlh3nIPxMXsxdnbcyF/xURx+dAnDK2wtpAvWYKdTiFWGD3MlWR/x1stzjO6SjznwiVonw== Completed in 1ms
362 http fetch GET 200 https://registry.npmjs.org/micromatch 29ms (cache revalidated)
363 timing metavuln:packument:micromatch Completed in 30ms
364 timing metavuln:load:security-advisory:micromatch:GSQ5ghUF1JWDKMssoydWDVRebjlPePRwktLhrdWzXCq5xeBXdo4Cm9HGHnH2b6P1Nq93YjwPmimVjAx6kge32A== Completed in 0ms
365 timing metavuln:calculate:security-advisory:micromatch:GSQ5ghUF1JWDKMssoydWDVRebjlPePRwktLhrdWzXCq5xeBXdo4Cm9HGHnH2b6P1Nq93YjwPmimVjAx6kge32A== Completed in 30ms
366 timing metavuln:cache:get:security-advisory:fdir:I7IZptQLXjhZ5TVjlLB1vJ5JfgkV8HlzAFySNm0W8XK7Klvz8UNk59CjMAZ1uqS4G0ttvhpXbZB8RE9vuO4PCA== Completed in 1ms
367 timing metavuln:cache:get:security-advisory:tinyglobby:JbTUSH3GuHgnWPTwynmNc2XBjGvJ1kBIVuOXAIcVt2zAN9JAmGoGXkmSGRzahtsyELbqgzBAd3ywFXmJPwH9Ww== Completed in 1ms
368 http fetch GET 200 https://registry.npmjs.org/tinyglobby 37ms (cache revalidated)
369 timing metavuln:packument:tinyglobby Completed in 37ms
370 timing metavuln:load:security-advisory:tinyglobby:2VXNT0aF/Oc+aljqzVZL+y7UYoRsun3f1sCqjauwt4R4X9DizyqvONZbNtH8U58EY1DnyPNR0Ul3cX6UkEWNqw== Completed in 0ms
371 timing metavuln:calculate:security-advisory:tinyglobby:2VXNT0aF/Oc+aljqzVZL+y7UYoRsun3f1sCqjauwt4R4X9DizyqvONZbNtH8U58EY1DnyPNR0Ul3cX6UkEWNqw== Completed in 37ms
372 http fetch GET 200 https://registry.npmjs.org/fdir 45ms (cache revalidated)
373 timing metavuln:packument:fdir Completed in 46ms
374 timing metavuln:load:security-advisory:fdir:2VXNT0aF/Oc+aljqzVZL+y7UYoRsun3f1sCqjauwt4R4X9DizyqvONZbNtH8U58EY1DnyPNR0Ul3cX6UkEWNqw== Completed in 0ms
375 timing metavuln:calculate:security-advisory:fdir:2VXNT0aF/Oc+aljqzVZL+y7UYoRsun3f1sCqjauwt4R4X9DizyqvONZbNtH8U58EY1DnyPNR0Ul3cX6UkEWNqw== Completed in 46ms
376 timing auditReport:init Completed in 5290ms
377 timing reify:audit Completed in 6232ms
378 timing reify Completed in 6836ms
379 silly ADD node_modules/frac
380 silly ADD node_modules/word
381 silly ADD node_modules/wmf
382 silly ADD node_modules/ssf
383 silly ADD node_modules/codepage
384 silly ADD node_modules/cfb
385 silly ADD node_modules/adler-32
386 silly ADD node_modules/xlsx
387 silly ADD
388 silly ADD
389 silly ADD
390 silly ADD
391 silly ADD
392 silly ADD
393 silly ADD
394 silly ADD
395 silly ADD
396 silly ADD
397 silly ADD
398 silly ADD
399 silly ADD
400 silly ADD
401 silly ADD
402 silly ADD
403 silly ADD
404 silly ADD
405 silly ADD
406 silly ADD
407 silly ADD
408 silly ADD
409 silly ADD
410 silly ADD
411 silly ADD
412 silly ADD
413 silly ADD
414 silly ADD
415 silly ADD
416 silly ADD
417 silly ADD
418 silly ADD
419 silly ADD
420 silly ADD
421 silly ADD
422 silly ADD
423 silly ADD
424 silly ADD
425 silly ADD
426 silly ADD
427 silly ADD
428 silly ADD
429 silly ADD
430 silly ADD
431 silly ADD
432 silly ADD
433 silly ADD
434 silly ADD
435 silly ADD
436 silly ADD
437 silly ADD
438 timing command:install Completed in 6887ms
439 verbose exit 0
440 timing npm Completed in 7037ms
441 info ok
